[Sun, 08 Apr 18 16:28:03 +0700][ERROR] [2]: ImgController handler class cannot be loaded

[Sun, 08 Apr 18 16:28:05 +0700][ERROR] [2]: ImgController handler class cannot be loaded

[Sun, 08 Apr 18 16:29:03 +0700][ERROR] [2]: ImgController handler class cannot be loaded

[Sun, 08 Apr 18 18:56:49 +0700][ERROR] [2]: AddController handler class cannot be loaded

[Sun, 08 Apr 18 18:56:50 +0700][ERROR] [2]: AddController handler class cannot be loaded

[Sun, 08 Apr 18 18:56:50 +0700][ERROR] [2]: AddController handler class cannot be loaded

[Sun, 08 Apr 18 18:57:10 +0700][ERROR] [2]: AddController handler class cannot be loaded

[Sun, 08 Apr 18 18:57:10 +0700][ERROR] [2]: AddController handler class cannot be loaded

[Sun, 08 Apr 18 18:57:10 +0700][ERROR] [2]: AddController handler class cannot be loaded

[Sun, 08 Apr 18 18:57:33 +0700][ERROR] [2]: AddController handler class cannot be loaded

[Sun, 08 Apr 18 18:57:33 +0700][ERROR] [2]: AddController handler class cannot be loaded

[Sun, 08 Apr 18 18:57:33 +0700][ERROR] [2]: AddController handler class cannot be loaded

[Sun, 08 Apr 18 18:57:52 +0700][ERROR] [2]: AddController handler class cannot be loaded

[Sun, 08 Apr 18 18:57:52 +0700][ERROR] [2]: AddController handler class cannot be loaded

[Sun, 08 Apr 18 18:57:52 +0700][ERROR] [2]: AddController handler class cannot be loaded

[Sun, 08 Apr 18 19:12:01 +0700][ERROR] [2]: AddController handler class cannot be loaded

[Sun, 08 Apr 18 19:12:01 +0700][ERROR] [2]: AddController handler class cannot be loaded

[Sun, 08 Apr 18 19:12:02 +0700][ERROR] [2]: AddController handler class cannot be loaded

[Sun, 08 Apr 18 19:12:23 +0700][ERROR] [5]: Action 'vendor' was not found on handler 'add'

[Sun, 08 Apr 18 19:12:26 +0700][ERROR] [5]: Action 'vendor' was not found on handler 'add'

[Sun, 08 Apr 18 19:13:10 +0700][ERROR] [5]: Action 'vendor' was not found on handler 'add'

[Sun, 08 Apr 18 19:13:13 +0700][ERROR] [5]: Action 'vendor' was not found on handler 'add'

[Sun, 08 Apr 18 19:13:14 +0700][ERROR] [5]: Action 'vendor' was not found on handler 'add'

[Sun, 08 Apr 18 19:13:15 +0700][ERROR] [5]: Action 'vendor' was not found on handler 'add'

[Sun, 08 Apr 18 19:13:26 +0700][ERROR] [5]: Action 'vendor' was not found on handler 'add'

[Sun, 08 Apr 18 19:13:36 +0700][ERROR] [5]: Action 'vendor' was not found on handler 'add'

[Sun, 08 Apr 18 19:17:57 +0700][ERROR] [5]: Action 'vendor' was not found on handler 'add'

[Sun, 08 Apr 18 19:18:02 +0700][ERROR] [5]: Action 'vendor' was not found on handler 'add'

[Sun, 08 Apr 18 19:18:28 +0700][ERROR] [5]: Action 'vendor' was not found on handler 'add'

[Sun, 08 Apr 18 19:18:39 +0700][ERROR] [5]: Action 'vendor' was not found on handler 'add'

[Sun, 08 Apr 18 19:19:02 +0700][ERROR] [5]: Action 'vendor' was not found on handler 'add'

[Sun, 08 Apr 18 19:19:02 +0700][ERROR] [5]: Action 'vendor' was not found on handler 'add'

[Sun, 08 Apr 18 19:19:02 +0700][ERROR] [5]: Action 'vendor' was not found on handler 'add'

[Sun, 08 Apr 18 19:19:03 +0700][ERROR] [5]: Action 'vendor' was not found on handler 'add'

[Sun, 08 Apr 18 19:19:03 +0700][ERROR] [5]: Action 'vendor' was not found on handler 'add'

[Sun, 08 Apr 18 19:19:03 +0700][ERROR] [5]: Action 'vendor' was not found on handler 'add'

[Sun, 08 Apr 18 19:19:03 +0700][ERROR] [5]: Action 'vendor' was not found on handler 'add'

[Sun, 08 Apr 18 19:19:03 +0700][ERROR] [5]: Action 'vendor' was not found on handler 'add'

[Sun, 08 Apr 18 19:19:03 +0700][ERROR] [5]: Action 'vendor' was not found on handler 'add'

[Sun, 08 Apr 18 19:19:05 +0700][ERROR] [5]: Action 'vendor' was not found on handler 'add'

[Sun, 08 Apr 18 19:19:14 +0700][ERROR] [5]: Action 'vendor' was not found on handler 'add'

[Sun, 08 Apr 18 19:19:14 +0700][ERROR] [5]: Action 'vendor' was not found on handler 'add'

[Sun, 08 Apr 18 19:19:44 +0700][ERROR] [5]: Action 'vendor' was not found on handler 'add'

[Sun, 08 Apr 18 19:19:49 +0700][ERROR] [5]: Action 'vendor' was not found on handler 'add'

[Sun, 08 Apr 18 19:22:54 +0700][ERROR] [5]: Action 'vendor' was not found on handler 'add'

[Sun, 08 Apr 18 19:22:56 +0700][ERROR] [5]: Action 'vendor' was not found on handler 'add'

[Sun, 08 Apr 18 19:25:14 +0700][ERROR] [5]: Action 'vendor' was not found on handler 'add'

[Sun, 08 Apr 18 19:25:14 +0700][ERROR] [5]: Action 'vendor' was not found on handler 'add'

[Sun, 08 Apr 18 19:25:23 +0700][ERROR] [5]: Action 'vendor' was not found on handler 'add'

[Sun, 08 Apr 18 19:25:34 +0700][ERROR] [5]: Action 'vendor' was not found on handler 'add'

[Sun, 08 Apr 18 19:27:19 +0700][ERROR] [5]: Action 'vendor' was not found on handler 'add'

[Sun, 08 Apr 18 19:27:22 +0700][ERROR] [5]: Action 'vendor' was not found on handler 'add'

[Sun, 08 Apr 18 19:27:42 +0700][ERROR] [5]: Action 'vendor' was not found on handler 'add'

[Sun, 08 Apr 18 19:27:45 +0700][ERROR] [5]: Action 'vendor' was not found on handler 'add'

[Sun, 08 Apr 18 19:31:59 +0700][ERROR] [5]: Action 'authen' was not found on handler 'add'

[Sun, 08 Apr 18 19:31:59 +0700][ERROR] [5]: Action 'authen' was not found on handler 'add'

[Sun, 08 Apr 18 19:31:59 +0700][ERROR] [5]: Action 'authen' was not found on handler 'add'

[Sun, 08 Apr 18 19:32:02 +0700][ERROR] [5]: Action 'authen' was not found on handler 'add'

[Sun, 08 Apr 18 19:32:02 +0700][ERROR] [5]: Action 'authen' was not found on handler 'add'

[Sun, 08 Apr 18 19:32:02 +0700][ERROR] [5]: Action 'authen' was not found on handler 'add'

[Sun, 08 Apr 18 19:32:02 +0700][ERROR] [5]: Action 'authen' was not found on handler 'add'

[Sun, 08 Apr 18 19:32:02 +0700][ERROR] [5]: Action 'authen' was not found on handler 'add'

[Sun, 08 Apr 18 19:32:02 +0700][ERROR] [5]: Action 'authen' was not found on handler 'add'

[Sun, 08 Apr 18 19:32:03 +0700][ERROR] [5]: Action 'authen' was not found on handler 'add'

[Sun, 08 Apr 18 19:32:03 +0700][ERROR] [5]: Action 'authen' was not found on handler 'add'

[Sun, 08 Apr 18 19:32:03 +0700][ERROR] [5]: Action 'authen' was not found on handler 'add'

[Sun, 08 Apr 18 19:32:03 +0700][ERROR] [5]: Action 'authen' was not found on handler 'add'

[Sun, 08 Apr 18 19:32:03 +0700][ERROR] [5]: Action 'authen' was not found on handler 'add'

[Sun, 08 Apr 18 19:32:03 +0700][ERROR] [5]: Action 'authen' was not found on handler 'add'

[Sun, 08 Apr 18 19:32:04 +0700][ERROR] [5]: Action 'authen' was not found on handler 'add'

[Sun, 08 Apr 18 19:32:04 +0700][ERROR] [5]: Action 'authen' was not found on handler 'add'

[Sun, 08 Apr 18 19:32:04 +0700][ERROR] [5]: Action 'authen' was not found on handler 'add'

[Sun, 08 Apr 18 19:32:07 +0700][ERROR] [5]: Action 'authen' was not found on handler 'add'

[Sun, 08 Apr 18 19:32:07 +0700][ERROR] [5]: Action 'authen' was not found on handler 'add'

[Sun, 08 Apr 18 19:32:07 +0700][ERROR] [5]: Action 'authen' was not found on handler 'add'

[Sun, 08 Apr 18 19:32:08 +0700][ERROR] [5]: Action 'authen' was not found on handler 'add'

[Sun, 08 Apr 18 19:32:08 +0700][ERROR] [5]: Action 'authen' was not found on handler 'add'

[Sun, 08 Apr 18 19:32:08 +0700][ERROR] [5]: Action 'authen' was not found on handler 'add'

[Sun, 08 Apr 18 19:42:09 +0700][ERROR] [5]: Action 'vendor' was not found on handler 'add'

[Sun, 08 Apr 18 19:42:09 +0700][ERROR] [5]: Action 'vendor' was not found on handler 'add'

[Sun, 08 Apr 18 19:42:42 +0700][ERROR] [5]: Action 'vendor' was not found on handler 'add'

[Sun, 08 Apr 18 19:42:44 +0700][ERROR] [5]: Action 'vendor' was not found on handler 'add'

[Sun, 08 Apr 18 19:43:57 +0700][ERROR] [5]: Action 'vendor' was not found on handler 'add'

[Sun, 08 Apr 18 19:44:03 +0700][ERROR] [5]: Action 'vendor' was not found on handler 'add'

[Sun, 08 Apr 18 19:44:03 +0700][ERROR] [5]: Action 'vendor' was not found on handler 'add'

[Sun, 08 Apr 18 19:44:55 +0700][ERROR] [5]: Action 'authen' was not found on handler 'add'

[Sun, 08 Apr 18 19:44:55 +0700][ERROR] [5]: Action 'authen' was not found on handler 'add'

[Sun, 08 Apr 18 19:44:55 +0700][ERROR] [5]: Action 'authen' was not found on handler 'add'

[Sun, 08 Apr 18 19:45:03 +0700][ERROR] [5]: Action 'vendor' was not found on handler 'add'

[Sun, 08 Apr 18 19:45:03 +0700][ERROR] [5]: Action 'vendor' was not found on handler 'add'

[Sun, 08 Apr 18 19:46:34 +0700][ERROR] [5]: Action 'vendor' was not found on handler 'add'

[Sun, 08 Apr 18 19:46:34 +0700][ERROR] [5]: Action 'vendor' was not found on handler 'add'

[Sun, 08 Apr 18 19:49:22 +0700][ERROR] [5]: Action 'event' was not found on handler 'add'

[Sun, 08 Apr 18 19:49:22 +0700][ERROR] [5]: Action 'vendor' was not found on handler 'add'

[Sun, 08 Apr 18 19:49:22 +0700][ERROR] [5]: Action 'vendor' was not found on handler 'add'

[Sun, 08 Apr 18 19:53:06 +0700][ERROR] [5]: Action 'vendor' was not found on handler 'add'

[Sun, 08 Apr 18 19:53:07 +0700][ERROR] [5]: Action 'vendor' was not found on handler 'add'

[Sun, 08 Apr 18 19:53:19 +0700][ERROR] [5]: Action 'vendor' was not found on handler 'add'

[Sun, 08 Apr 18 19:53:27 +0700][ERROR] [5]: Action 'vendor' was not found on handler 'add'

[Sun, 08 Apr 18 19:53:27 +0700][ERROR] [5]: Action 'vendor' was not found on handler 'add'

[Sun, 08 Apr 18 19:53:32 +0700][ERROR] [5]: Action 'authen' was not found on handler 'add'

[Sun, 08 Apr 18 19:53:32 +0700][ERROR] [5]: Action 'authen' was not found on handler 'add'

[Sun, 08 Apr 18 19:53:32 +0700][ERROR] [5]: Action 'authen' was not found on handler 'add'

[Sun, 08 Apr 18 19:53:45 +0700][ERROR] [5]: Action 'authen' was not found on handler 'add'

[Sun, 08 Apr 18 19:53:45 +0700][ERROR] [5]: Action 'vendor' was not found on handler 'add'

[Sun, 08 Apr 18 19:53:45 +0700][ERROR] [5]: Action 'vendor' was not found on handler 'add'

[Sun, 08 Apr 18 19:54:06 +0700][ERROR] [5]: Action 'vendor' was not found on handler 'add'

[Sun, 08 Apr 18 19:54:06 +0700][ERROR] [5]: Action 'vendor' was not found on handler 'add'

[Sun, 08 Apr 18 19:54:16 +0700][ERROR] [5]: Action 'event' was not found on handler 'add'

[Sun, 08 Apr 18 19:54:17 +0700][ERROR] [5]: Action 'vendor' was not found on handler 'add'

[Sun, 08 Apr 18 19:54:18 +0700][ERROR] [5]: Action 'event' was not found on handler 'add'

[Sun, 08 Apr 18 19:54:18 +0700][ERROR] [5]: Action 'vendor' was not found on handler 'add'

[Sun, 08 Apr 18 19:54:18 +0700][ERROR] [5]: Action 'event' was not found on handler 'add'

[Sun, 08 Apr 18 19:54:19 +0700][ERROR] [5]: Action 'vendor' was not found on handler 'add'

[Sun, 08 Apr 18 19:54:19 +0700][ERROR] [5]: Action 'vendor' was not found on handler 'add'

[Sun, 08 Apr 18 19:54:19 +0700][ERROR] [5]: Action 'event' was not found on handler 'add'

[Sun, 08 Apr 18 19:54:19 +0700][ERROR] [5]: Action 'vendor' was not found on handler 'add'

[Sun, 08 Apr 18 19:54:19 +0700][ERROR] [5]: Action 'vendor' was not found on handler 'add'

[Sun, 08 Apr 18 19:54:19 +0700][ERROR] [5]: Action 'event' was not found on handler 'add'

[Sun, 08 Apr 18 19:54:19 +0700][ERROR] [5]: Action 'vendor' was not found on handler 'add'

[Sun, 08 Apr 18 19:54:19 +0700][ERROR] [5]: Action 'vendor' was not found on handler 'add'

[Sun, 08 Apr 18 19:54:20 +0700][ERROR] [5]: Action 'event' was not found on handler 'add'

[Sun, 08 Apr 18 19:54:20 +0700][ERROR] [5]: Action 'vendor' was not found on handler 'add'

[Sun, 08 Apr 18 19:54:20 +0700][ERROR] [5]: Action 'vendor' was not found on handler 'add'

[Sun, 08 Apr 18 19:54:20 +0700][ERROR] [5]: Action 'event' was not found on handler 'add'

[Sun, 08 Apr 18 19:54:20 +0700][ERROR] [5]: Action 'vendor' was not found on handler 'add'

[Sun, 08 Apr 18 19:54:20 +0700][ERROR] [5]: Action 'vendor' was not found on handler 'add'

[Sun, 08 Apr 18 19:54:21 +0700][ERROR] [5]: Action 'event' was not found on handler 'add'

[Sun, 08 Apr 18 19:54:21 +0700][ERROR] [5]: Action 'vendor' was not found on handler 'add'

[Sun, 08 Apr 18 19:54:21 +0700][ERROR] [5]: Action 'vendor' was not found on handler 'add'

[Sun, 08 Apr 18 19:54:21 +0700][ERROR] [5]: Action 'event' was not found on handler 'add'

[Sun, 08 Apr 18 19:54:21 +0700][ERROR] [5]: Action 'vendor' was not found on handler 'add'

[Sun, 08 Apr 18 19:54:21 +0700][ERROR] [5]: Action 'vendor' was not found on handler 'add'

[Sun, 08 Apr 18 20:03:37 +0700][ERROR] [2]: ProfielController handler class cannot be loaded

[Sun, 08 Apr 18 20:07:44 +0700][ERROR] [5]: Action 'vendor' was not found on handler 'add'

[Sun, 08 Apr 18 20:07:44 +0700][ERROR] [5]: Action 'vendor' was not found on handler 'add'

[Sun, 08 Apr 18 20:07:46 +0700][ERROR] [5]: Action 'authen' was not found on handler 'add'

[Sun, 08 Apr 18 20:07:46 +0700][ERROR] [5]: Action 'authen' was not found on handler 'add'

[Sun, 08 Apr 18 20:07:46 +0700][ERROR] [5]: Action 'authen' was not found on handler 'add'

[Sun, 08 Apr 18 20:07:46 +0700][ERROR] [5]: Action 'authen' was not found on handler 'add'

[Sun, 08 Apr 18 20:07:46 +0700][ERROR] [5]: Action 'authen' was not found on handler 'add'

[Sun, 08 Apr 18 20:08:10 +0700][ERROR] [5]: Action 'authen' was not found on handler 'add'

[Sun, 08 Apr 18 20:08:10 +0700][ERROR] [5]: Action 'authen' was not found on handler 'add'

[Sun, 08 Apr 18 20:08:10 +0700][ERROR] [5]: Action 'authen' was not found on handler 'add'

[Sun, 08 Apr 18 20:08:21 +0700][ERROR] [2]: AController handler class cannot be loaded

[Sun, 08 Apr 18 20:08:23 +0700][ERROR] [5]: Action 'vendor' was not found on handler 'add'

[Sun, 08 Apr 18 20:08:24 +0700][ERROR] [5]: Action 'vendor' was not found on handler 'add'

[Sun, 08 Apr 18 20:08:25 +0700][ERROR] [5]: Action 'authen' was not found on handler 'add'

[Sun, 08 Apr 18 20:08:25 +0700][ERROR] [5]: Action 'vendor' was not found on handler 'add'

[Sun, 08 Apr 18 20:08:26 +0700][ERROR] [5]: Action 'vendor' was not found on handler 'add'

[Sun, 08 Apr 18 20:08:27 +0700][ERROR] [5]: Action 'authen' was not found on handler 'add'

[Sun, 08 Apr 18 20:08:27 +0700][ERROR] [5]: Action 'vendor' was not found on handler 'add'

[Sun, 08 Apr 18 20:08:27 +0700][ERROR] [5]: Action 'vendor' was not found on handler 'add'

[Sun, 08 Apr 18 20:08:28 +0700][ERROR] [5]: Action 'authen' was not found on handler 'add'

[Sun, 08 Apr 18 20:08:28 +0700][ERROR] [5]: Action 'vendor' was not found on handler 'add'

[Sun, 08 Apr 18 20:08:28 +0700][ERROR] [5]: Action 'authen' was not found on handler 'add'

[Sun, 08 Apr 18 20:08:28 +0700][ERROR] [5]: Action 'vendor' was not found on handler 'add'

[Sun, 08 Apr 18 20:08:28 +0700][ERROR] [5]: Action 'vendor' was not found on handler 'add'

[Sun, 08 Apr 18 20:08:28 +0700][ERROR] [5]: Action 'authen' was not found on handler 'add'

[Sun, 08 Apr 18 20:08:28 +0700][ERROR] [5]: Action 'vendor' was not found on handler 'add'

[Sun, 08 Apr 18 20:08:28 +0700][ERROR] [5]: Action 'authen' was not found on handler 'add'

[Sun, 08 Apr 18 20:08:28 +0700][ERROR] [5]: Action 'vendor' was not found on handler 'add'

[Sun, 08 Apr 18 20:08:29 +0700][ERROR] [5]: Action 'vendor' was not found on handler 'add'

[Sun, 08 Apr 18 20:08:29 +0700][ERROR] [5]: Action 'authen' was not found on handler 'add'

[Sun, 08 Apr 18 20:08:29 +0700][ERROR] [5]: Action 'vendor' was not found on handler 'add'

[Sun, 08 Apr 18 20:08:29 +0700][ERROR] [5]: Action 'vendor' was not found on handler 'add'

[Sun, 08 Apr 18 20:08:29 +0700][ERROR] [5]: Action 'authen' was not found on handler 'add'

[Sun, 08 Apr 18 20:08:29 +0700][ERROR] [5]: Action 'vendor' was not found on handler 'add'

[Sun, 08 Apr 18 20:08:29 +0700][ERROR] [5]: Action 'vendor' was not found on handler 'add'

[Sun, 08 Apr 18 20:08:29 +0700][ERROR] [5]: Action 'authen' was not found on handler 'add'

[Sun, 08 Apr 18 20:08:29 +0700][ERROR] [5]: Action 'vendor' was not found on handler 'add'

[Sun, 08 Apr 18 20:08:29 +0700][ERROR] [5]: Action 'vendor' was not found on handler 'add'

[Sun, 08 Apr 18 20:08:29 +0700][ERROR] [5]: Action 'authen' was not found on handler 'add'

[Sun, 08 Apr 18 20:08:29 +0700][ERROR] [5]: Action 'vendor' was not found on handler 'add'

[Sun, 08 Apr 18 20:08:29 +0700][ERROR] [5]: Action 'vendor' was not found on handler 'add'

[Sun, 08 Apr 18 20:08:29 +0700][ERROR] [5]: Action 'vendor' was not found on handler 'add'

[Sun, 08 Apr 18 20:08:30 +0700][ERROR] [5]: Action 'authen' was not found on handler 'add'

[Sun, 08 Apr 18 20:08:30 +0700][ERROR] [5]: Action 'vendor' was not found on handler 'add'

[Sun, 08 Apr 18 20:08:30 +0700][ERROR] [5]: Action 'vendor' was not found on handler 'add'

[Sun, 08 Apr 18 20:08:30 +0700][ERROR] [5]: Action 'vendor' was not found on handler 'add'

[Sun, 08 Apr 18 20:08:30 +0700][ERROR] [5]: Action 'vendor' was not found on handler 'add'

[Sun, 08 Apr 18 20:08:30 +0700][ERROR] [5]: Action 'authen' was not found on handler 'add'

[Sun, 08 Apr 18 20:08:30 +0700][ERROR] [5]: Action 'vendor' was not found on handler 'add'

[Sun, 08 Apr 18 20:08:30 +0700][ERROR] [5]: Action 'vendor' was not found on handler 'add'

[Sun, 08 Apr 18 20:08:30 +0700][ERROR] [5]: Action 'authen' was not found on handler 'add'

[Sun, 08 Apr 18 20:08:30 +0700][ERROR] [5]: Action 'vendor' was not found on handler 'add'

[Sun, 08 Apr 18 20:08:30 +0700][ERROR] [5]: Action 'vendor' was not found on handler 'add'

[Sun, 08 Apr 18 20:08:30 +0700][ERROR] [5]: Action 'authen' was not found on handler 'add'

[Sun, 08 Apr 18 20:08:30 +0700][ERROR] [5]: Action 'vendor' was not found on handler 'add'

[Sun, 08 Apr 18 20:08:30 +0700][ERROR] [5]: Action 'vendor' was not found on handler 'add'

[Sun, 08 Apr 18 20:08:30 +0700][ERROR] [5]: Action 'authen' was not found on handler 'add'

[Sun, 08 Apr 18 20:08:31 +0700][ERROR] [5]: Action 'vendor' was not found on handler 'add'

[Sun, 08 Apr 18 20:08:31 +0700][ERROR] [5]: Action 'vendor' was not found on handler 'add'

[Sun, 08 Apr 18 20:08:31 +0700][ERROR] [5]: Action 'event' was not found on handler 'add'

[Sun, 08 Apr 18 20:08:31 +0700][ERROR] [5]: Action 'vendor' was not found on handler 'add'

[Sun, 08 Apr 18 20:08:32 +0700][ERROR] [5]: Action 'vendor' was not found on handler 'add'

[Sun, 08 Apr 18 20:08:32 +0700][ERROR] [5]: Action 'event' was not found on handler 'add'

[Sun, 08 Apr 18 20:08:32 +0700][ERROR] [5]: Action 'vendor' was not found on handler 'add'

[Sun, 08 Apr 18 20:08:32 +0700][ERROR] [5]: Action 'vendor' was not found on handler 'add'

[Sun, 08 Apr 18 20:08:33 +0700][ERROR] [5]: Action 'event' was not found on handler 'add'

[Sun, 08 Apr 18 20:08:33 +0700][ERROR] [5]: Action 'vendor' was not found on handler 'add'

[Sun, 08 Apr 18 20:08:33 +0700][ERROR] [5]: Action 'vendor' was not found on handler 'add'

[Sun, 08 Apr 18 20:08:33 +0700][ERROR] [5]: Action 'event' was not found on handler 'add'

[Sun, 08 Apr 18 20:08:33 +0700][ERROR] [5]: Action 'vendor' was not found on handler 'add'

[Sun, 08 Apr 18 20:08:33 +0700][ERROR] [5]: Action 'vendor' was not found on handler 'add'

[Sun, 08 Apr 18 20:08:33 +0700][ERROR] [5]: Action 'event' was not found on handler 'add'

[Sun, 08 Apr 18 20:08:33 +0700][ERROR] [5]: Action 'vendor' was not found on handler 'add'

[Sun, 08 Apr 18 20:08:33 +0700][ERROR] [5]: Action 'vendor' was not found on handler 'add'

[Sun, 08 Apr 18 20:08:33 +0700][ERROR] [5]: Action 'event' was not found on handler 'add'

[Sun, 08 Apr 18 20:08:33 +0700][ERROR] [5]: Action 'vendor' was not found on handler 'add'

[Sun, 08 Apr 18 20:08:33 +0700][ERROR] [5]: Action 'vendor' was not found on handler 'add'

[Sun, 08 Apr 18 20:08:34 +0700][ERROR] [5]: Action 'event' was not found on handler 'add'

[Sun, 08 Apr 18 20:08:34 +0700][ERROR] [5]: Action 'vendor' was not found on handler 'add'

[Sun, 08 Apr 18 20:08:34 +0700][ERROR] [5]: Action 'vendor' was not found on handler 'add'

[Sun, 08 Apr 18 20:08:43 +0700][ERROR] [5]: Action 'authen' was not found on handler 'add'

[Sun, 08 Apr 18 20:08:43 +0700][ERROR] [5]: Action 'vendor' was not found on handler 'add'

[Sun, 08 Apr 18 20:08:43 +0700][ERROR] [5]: Action 'vendor' was not found on handler 'add'

[Sun, 08 Apr 18 20:08:52 +0700][ERROR] [5]: Action 'authen' was not found on handler 'add'

[Sun, 08 Apr 18 20:08:52 +0700][ERROR] [5]: Action 'vendor' was not found on handler 'add'

[Sun, 08 Apr 18 20:08:52 +0700][ERROR] [5]: Action 'vendor' was not found on handler 'add'

[Sun, 08 Apr 18 20:08:54 +0700][ERROR] [5]: Action 'event' was not found on handler 'add'

[Sun, 08 Apr 18 20:08:54 +0700][ERROR] [5]: Action 'vendor' was not found on handler 'add'

[Sun, 08 Apr 18 20:08:54 +0700][ERROR] [5]: Action 'vendor' was not found on handler 'add'

[Sun, 08 Apr 18 20:08:54 +0700][ERROR] [5]: Action 'vendor' was not found on handler 'add'

[Sun, 08 Apr 18 20:08:57 +0700][ERROR] [5]: Action 'authen' was not found on handler 'add'

[Sun, 08 Apr 18 20:08:57 +0700][ERROR] [5]: Action 'authen' was not found on handler 'add'

[Sun, 08 Apr 18 20:08:58 +0700][ERROR] [5]: Action 'authen' was not found on handler 'add'

[Sun, 08 Apr 18 20:08:59 +0700][ERROR] [5]: Action 'authen' was not found on handler 'add'

[Sun, 08 Apr 18 20:08:59 +0700][ERROR] [5]: Action 'authen' was not found on handler 'add'

[Sun, 08 Apr 18 20:08:59 +0700][ERROR] [5]: Action 'authen' was not found on handler 'add'

[Sun, 08 Apr 18 20:09:00 +0700][ERROR] [5]: Action 'authen' was not found on handler 'add'

[Sun, 08 Apr 18 20:09:00 +0700][ERROR] [5]: Action 'authen' was not found on handler 'add'

[Sun, 08 Apr 18 20:09:00 +0700][ERROR] [5]: Action 'authen' was not found on handler 'add'

[Sun, 08 Apr 18 20:09:03 +0700][ERROR] [5]: Action 'authen' was not found on handler 'add'

[Sun, 08 Apr 18 20:09:03 +0700][ERROR] [5]: Action 'authen' was not found on handler 'add'

[Sun, 08 Apr 18 20:09:03 +0700][ERROR] [5]: Action 'authen' was not found on handler 'add'

[Sun, 08 Apr 18 20:09:03 +0700][ERROR] [5]: Action 'event' was not found on handler 'add'

[Sun, 08 Apr 18 20:09:03 +0700][ERROR] [5]: Action 'vendor' was not found on handler 'add'

[Sun, 08 Apr 18 20:09:03 +0700][ERROR] [5]: Action 'vendor' was not found on handler 'add'

[Sun, 08 Apr 18 20:09:03 +0700][ERROR] [5]: Action 'event' was not found on handler 'add'

[Sun, 08 Apr 18 20:09:03 +0700][ERROR] [5]: Action 'vendor' was not found on handler 'add'

[Sun, 08 Apr 18 20:09:03 +0700][ERROR] [5]: Action 'vendor' was not found on handler 'add'

[Sun, 08 Apr 18 20:09:23 +0700][ERROR] [5]: Action 'vendor' was not found on handler 'add'

[Sun, 08 Apr 18 20:09:23 +0700][ERROR] [5]: Action 'vendor' was not found on handler 'add'

[Sun, 08 Apr 18 20:09:25 +0700][ERROR] [5]: Action 'authen' was not found on handler 'add'

[Sun, 08 Apr 18 20:09:25 +0700][ERROR] [5]: Action 'authen' was not found on handler 'add'

[Sun, 08 Apr 18 20:09:25 +0700][ERROR] [5]: Action 'authen' was not found on handler 'add'

[Sun, 08 Apr 18 20:09:30 +0700][ERROR] [5]: Action 'authen' was not found on handler 'add'

[Sun, 08 Apr 18 20:09:30 +0700][ERROR] [5]: Action 'authen' was not found on handler 'add'

[Sun, 08 Apr 18 20:09:30 +0700][ERROR] [5]: Action 'authen' was not found on handler 'add'

[Sun, 08 Apr 18 20:09:32 +0700][ERROR] [5]: Action 'authen' was not found on handler 'add'

[Sun, 08 Apr 18 20:09:32 +0700][ERROR] [5]: Action 'authen' was not found on handler 'add'

[Sun, 08 Apr 18 20:09:32 +0700][ERROR] [5]: Action 'authen' was not found on handler 'add'

[Sun, 08 Apr 18 20:09:32 +0700][ERROR] [5]: Action 'authen' was not found on handler 'add'

[Sun, 08 Apr 18 20:09:32 +0700][ERROR] [5]: Action 'authen' was not found on handler 'add'

[Sun, 08 Apr 18 20:09:32 +0700][ERROR] [5]: Action 'authen' was not found on handler 'add'

[Sun, 08 Apr 18 20:09:33 +0700][ERROR] [5]: Action 'authen' was not found on handler 'add'

[Sun, 08 Apr 18 20:09:33 +0700][ERROR] [5]: Action 'authen' was not found on handler 'add'

[Sun, 08 Apr 18 20:09:33 +0700][ERROR] [5]: Action 'authen' was not found on handler 'add'

[Sun, 08 Apr 18 20:09:33 +0700][ERROR] [5]: Action 'authen' was not found on handler 'add'

[Sun, 08 Apr 18 20:09:33 +0700][ERROR] [5]: Action 'authen' was not found on handler 'add'

[Sun, 08 Apr 18 20:09:33 +0700][ERROR] [5]: Action 'authen' was not found on handler 'add'

[Sun, 08 Apr 18 20:13:14 +0700][ERROR] [5]: Action 'authen' was not found on handler 'add'

[Sun, 08 Apr 18 20:13:14 +0700][ERROR] [5]: Action 'authen' was not found on handler 'add'

[Sun, 08 Apr 18 20:13:14 +0700][ERROR] [5]: Action 'authen' was not found on handler 'add'

[Sun, 08 Apr 18 20:13:15 +0700][ERROR] [5]: Action 'authen' was not found on handler 'add'

[Sun, 08 Apr 18 20:13:15 +0700][ERROR] [5]: Action 'authen' was not found on handler 'add'

[Sun, 08 Apr 18 20:13:16 +0700][ERROR] [5]: Action 'authen' was not found on handler 'add'

[Sun, 08 Apr 18 20:13:21 +0700][ERROR] [5]: Action 'vendor' was not found on handler 'add'

[Sun, 08 Apr 18 20:13:21 +0700][ERROR] [5]: Action 'vendor' was not found on handler 'add'

[Sun, 08 Apr 18 20:13:23 +0700][ERROR] [5]: Action 'event' was not found on handler 'add'

[Sun, 08 Apr 18 20:13:23 +0700][ERROR] [5]: Action 'vendor' was not found on handler 'add'

[Sun, 08 Apr 18 20:13:23 +0700][ERROR] [5]: Action 'vendor' was not found on handler 'add'

[Sun, 08 Apr 18 20:15:46 +0700][ERROR] [5]: Action 'vendor' was not found on handler 'add'

[Sun, 08 Apr 18 20:15:47 +0700][ERROR] [5]: Action 'vendor' was not found on handler 'add'

