[Mon, 09 Apr 18 01:04:58 +0700][ERROR] [5]: Action 'add' was not found on handler 'event'

[Mon, 09 Apr 18 01:04:59 +0700][ERROR] [5]: Action 'vendor' was not found on handler 'event'

[Mon, 09 Apr 18 01:38:36 +0700][ERROR] [5]: Action 'deleteId' was not found on handler 'event'

[Mon, 09 Apr 18 01:38:36 +0700][ERROR] [5]: Action 'deleteId' was not found on handler 'event'

[Mon, 09 Apr 18 01:40:10 +0700][ERROR] [5]: Action 'deleteId' was not found on handler 'event'

[Mon, 09 Apr 18 01:40:10 +0700][ERROR] [5]: Action 'deleteId' was not found on handler 'event'

[Mon, 09 Apr 18 01:40:10 +0700][ERROR] [5]: Action 'deleteId' was not found on handler 'event'

[Mon, 09 Apr 18 01:43:43 +0700][ERROR] [5]: Action 'deleteId' was not found on handler 'event'

[Mon, 09 Apr 18 01:43:43 +0700][ERROR] [5]: Action 'deleteId' was not found on handler 'event'

[Mon, 09 Apr 18 01:43:44 +0700][ERROR] [5]: Action 'deleteId' was not found on handler 'event'

[Mon, 09 Apr 18 01:44:04 +0700][ERROR] [5]: Action 'deleteId' was not found on handler 'event'

[Mon, 09 Apr 18 01:44:04 +0700][ERROR] [5]: Action 'deleteId' was not found on handler 'event'

[Mon, 09 Apr 18 01:44:04 +0700][ERROR] [5]: Action 'deleteId' was not found on handler 'event'

[Mon, 09 Apr 18 01:44:31 +0700][ERROR] [5]: Action 'deleteId' was not found on handler 'event'

[Mon, 09 Apr 18 01:44:31 +0700][ERROR] [5]: Action 'deleteId' was not found on handler 'event'

[Mon, 09 Apr 18 01:44:31 +0700][ERROR] [5]: Action 'deleteId' was not found on handler 'event'

[Mon, 09 Apr 18 01:48:28 +0700][ERROR] [5]: Action 'deleteId' was not found on handler 'event'

[Mon, 09 Apr 18 01:48:29 +0700][ERROR] [5]: Action 'deleteId' was not found on handler 'event'

[Mon, 09 Apr 18 01:48:29 +0700][ERROR] [5]: Action 'deleteId' was not found on handler 'event'

[Mon, 09 Apr 18 01:49:17 +0700][ERROR] [5]: Action 'deleteId' was not found on handler 'event'

[Mon, 09 Apr 18 01:49:17 +0700][ERROR] [5]: Action 'deleteId' was not found on handler 'event'

[Mon, 09 Apr 18 01:49:18 +0700][ERROR] [5]: Action 'deleteId' was not found on handler 'event'

[Mon, 09 Apr 18 01:49:31 +0700][ERROR] [5]: Action 'deleteId' was not found on handler 'event'

[Mon, 09 Apr 18 01:49:32 +0700][ERROR] [5]: Action 'deleteId' was not found on handler 'event'

[Mon, 09 Apr 18 01:49:32 +0700][ERROR] [5]: Action 'deleteId' was not found on handler 'event'

[Mon, 09 Apr 18 01:55:43 +0700][ERROR] [5]: Action 'setId' was not found on handler 'event'

[Mon, 09 Apr 18 01:55:43 +0700][ERROR] [5]: Action 'setId' was not found on handler 'event'

[Mon, 09 Apr 18 01:55:43 +0700][ERROR] [5]: Action 'setId' was not found on handler 'event'

[Mon, 09 Apr 18 01:57:03 +0700][ERROR] [5]: Action 'setId' was not found on handler 'event'

[Mon, 09 Apr 18 01:57:03 +0700][ERROR] [5]: Action 'setId' was not found on handler 'event'

[Mon, 09 Apr 18 01:57:03 +0700][ERROR] [5]: Action 'setId' was not found on handler 'event'

[Mon, 09 Apr 18 01:57:25 +0700][ERROR] [5]: Action 'setId' was not found on handler 'event'

[Mon, 09 Apr 18 01:57:25 +0700][ERROR] [5]: Action 'setId' was not found on handler 'event'

[Mon, 09 Apr 18 01:57:27 +0700][ERROR] [5]: Action 'setId' was not found on handler 'event'

[Mon, 09 Apr 18 01:57:30 +0700][ERROR] [5]: Action 'setId' was not found on handler 'event'

[Mon, 09 Apr 18 01:57:30 +0700][ERROR] [5]: Action 'setId' was not found on handler 'event'

[Mon, 09 Apr 18 01:57:30 +0700][ERROR] [5]: Action 'setId' was not found on handler 'event'

[Mon, 09 Apr 18 01:57:55 +0700][ERROR] [5]: Action 'setId' was not found on handler 'event'

[Mon, 09 Apr 18 01:57:55 +0700][ERROR] [5]: Action 'setId' was not found on handler 'event'

[Mon, 09 Apr 18 01:57:55 +0700][ERROR] [5]: Action 'setId' was not found on handler 'event'

[Mon, 09 Apr 18 01:58:42 +0700][ERROR] [5]: Action 'setId' was not found on handler 'event'

[Mon, 09 Apr 18 01:58:42 +0700][ERROR] [5]: Action 'setId' was not found on handler 'event'

[Mon, 09 Apr 18 01:58:42 +0700][ERROR] [5]: Action 'setId' was not found on handler 'event'

[Mon, 09 Apr 18 01:58:49 +0700][ERROR] [5]: Action 'setId' was not found on handler 'event'

[Mon, 09 Apr 18 01:58:49 +0700][ERROR] [5]: Action 'setId' was not found on handler 'event'

[Mon, 09 Apr 18 02:03:02 +0700][ERROR] [5]: Action 'vendor' was not found on handler 'event'

[Mon, 09 Apr 18 02:03:02 +0700][ERROR] [5]: Action 'vendor' was not found on handler 'event'

[Mon, 09 Apr 18 02:04:30 +0700][ERROR] [5]: Action 'vendor' was not found on handler 'event'

[Mon, 09 Apr 18 02:04:30 +0700][ERROR] [5]: Action 'vendor' was not found on handler 'event'

[Mon, 09 Apr 18 02:06:46 +0700][ERROR] [5]: Action 'vendor' was not found on handler 'event'

[Mon, 09 Apr 18 02:06:46 +0700][ERROR] [5]: Action 'vendor' was not found on handler 'event'

[Mon, 09 Apr 18 02:07:43 +0700][ERROR] [5]: Action 'vendor' was not found on handler 'event'

[Mon, 09 Apr 18 02:08:09 +0700][ERROR] [5]: Action 'vendor' was not found on handler 'event'

[Mon, 09 Apr 18 02:11:44 +0700][ERROR] [5]: Action 'vendor' was not found on handler 'event'

[Mon, 09 Apr 18 02:11:44 +0700][ERROR] [5]: Action 'vendor' was not found on handler 'event'

[Mon, 09 Apr 18 02:21:31 +0700][ERROR] [5]: Action 'vendor' was not found on handler 'event'

[Mon, 09 Apr 18 02:21:31 +0700][ERROR] [5]: Action 'vendor' was not found on handler 'event'

[Mon, 09 Apr 18 02:23:40 +0700][ERROR] [5]: Action 'vendor' was not found on handler 'event'

[Mon, 09 Apr 18 02:24:21 +0700][ERROR] [5]: Action 'vendor' was not found on handler 'event'

[Mon, 09 Apr 18 02:24:23 +0700][ERROR] [5]: Action 'vendor' was not found on handler 'event'

[Mon, 09 Apr 18 02:24:24 +0700][ERROR] [5]: Action 'vendor' was not found on handler 'event'

[Mon, 09 Apr 18 02:24:24 +0700][ERROR] [5]: Action 'vendor' was not found on handler 'event'

[Mon, 09 Apr 18 02:25:26 +0700][ERROR] [5]: Action 'vendor' was not found on handler 'event'

[Mon, 09 Apr 18 02:25:26 +0700][ERROR] [5]: Action 'vendor' was not found on handler 'event'

[Mon, 09 Apr 18 02:25:28 +0700][ERROR] [5]: Action 'vendor' was not found on handler 'add'

[Mon, 09 Apr 18 02:27:03 +0700][ERROR] [5]: Action 'vendor' was not found on handler 'event'

[Mon, 09 Apr 18 02:27:03 +0700][ERROR] [5]: Action 'vendor' was not found on handler 'event'

[Mon, 09 Apr 18 02:30:37 +0700][ERROR] [5]: Action 'vendor' was not found on handler 'event'

[Mon, 09 Apr 18 02:37:05 +0700][ERROR] [5]: Action 'vendor' was not found on handler 'event'

[Mon, 09 Apr 18 02:37:05 +0700][ERROR] [5]: Action 'vendor' was not found on handler 'event'

